2022-08-15 03:46:42 [scrapy] DEBUG: Crawled (404) <GET http://example.com/robots.txt> (referer: None)
2022-08-15 03:46:42 [scrapy] DEBUG: Crawled (200) <GET http://example.com/> (referer: None)
2022-08-15 03:46:42 [scrapy] INFO: Closing spider (finished)
2022-08-15 03:46:42 [scrapy] INFO: Dumping Scrapy stats:
{'downloader/request_bytes': 432,
 'downloader/request_count': 2,
 'downloader/request_method_count/GET': 2,
 'downloader/response_bytes': 2035,
 'downloader/response_count': 2,
 'downloader/response_status_count/200': 1,
 'downloader/response_status_count/404': 1,
 'elapsed_time_seconds': 0.83271,
 'finish_reason': 'finished',
 'finish_time': datetime.datetime(2022, 8, 14, 22, 16, 42, 685282),
 'httpcompression/response_bytes': 2512,
 'httpcompression/response_count': 2,
 'log_count/DEBUG': 16,
 'log_count/INFO': 7,
 'log_count/WARNING': 1,
 'memusage/max': 58195968,
 'memusage/startup': 58195968,
 'response_received_count': 2,
 'robotstxt/request_count': 1,
 'robotstxt/response_count': 1,
 'robotstxt/response_status_count/404': 1,
 'scheduler/dequeued': 1,
 'scheduler/dequeued/memory': 1,
 'scheduler/enqueued': 1,
 'scheduler/enqueued/memory': 1,
 'start_time': datetime.datetime(2022, 8, 14, 22, 16, 41, 852572)}
2022-08-15 03:46:42 [scrapy] INFO: Spider closed (finished)
